<?xml version="1.0" encoding="UTF-8"?>
<coverage generated="1672904920069" clover="3.2.0">
  <project timestamp="1672904920070" name="All files">
    <metrics statements="24" coveredstatements="24" conditionals="12" coveredconditionals="12" methods="10" coveredmethods="7" elements="46" coveredelements="43" complexity="0" loc="24" ncloc="24" packages="2" files="2" classes="2"/>
    <package name="math-api">
      <metrics statements="8" coveredstatements="8" conditionals="6" coveredconditionals="6" methods="5" coveredmethods="2"/>
      <file name="FigureCalculator.js" path="C:\BelajarCoding\math-api\FigureCalculator.js">
        <metrics statements="8" coveredstatements="8" conditionals="6" coveredconditionals="6" methods="5" coveredmethods="2"/>
        <line num="3" count="2" type="stmt"/>
        <line num="7" count="7" type="cond" truecount="2" falsecount="0"/>
        <line num="8" count="3" type="stmt"/>
        <line num="10" count="4" type="stmt"/>
        <line num="12" count="4" type="cond" truecount="4" falsecount="0"/>
        <line num="13" count="3" type="stmt"/>
        <line num="16" count="1" type="stmt"/>
        <line num="26" count="1" type="stmt"/>
      </file>
    </package>
    <package name="math-api.src">
      <metrics statements="16" coveredstatements="16" conditionals="6" coveredconditionals="6" methods="5" coveredmethods="5"/>
      <file name="MathBasic.js" path="C:\BelajarCoding\math-api\src\MathBasic.js">
        <metrics statements="16" coveredstatements="16" conditionals="6" coveredconditionals="6" methods="5" coveredmethods="5"/>
        <line num="1" count="2" type="stmt"/>
        <line num="3" count="39" type="cond" truecount="2" falsecount="0"/>
        <line num="4" count="13" type="stmt"/>
        <line num="7" count="26" type="stmt"/>
        <line num="9" count="26" type="cond" truecount="4" falsecount="0"/>
        <line num="10" count="12" type="stmt"/>
        <line num="12" count="14" type="stmt"/>
        <line num="15" count="11" type="stmt"/>
        <line num="16" count="4" type="stmt"/>
        <line num="19" count="9" type="stmt"/>
        <line num="20" count="3" type="stmt"/>
        <line num="23" count="10" type="stmt"/>
        <line num="24" count="4" type="stmt"/>
        <line num="27" count="9" type="stmt"/>
        <line num="28" count="3" type="stmt"/>
        <line num="32" count="2" type="stmt"/>
      </file>
    </package>
  </project>
</coverage>
